0 info it worked if it ends with ok
1 verbose cli [ 'node', '/usr/local/bin/npm', 'start' ]
2 info using npm@2.10.0
3 info using node@v0.10.30
4 verbose run-script [ 'prestart', 'start', 'poststart' ]
5 info prestart ignite@0.0.0
6 info start ignite@0.0.0
7 verbose unsafe-perm in lifecycle true
8 info ignite@0.0.0 Failed to exec start script
9 verbose stack Error: ignite@0.0.0 start: `node ./bin/www`
9 verbose stack Exit status 8
9 verbose stack     at EventEmitter.<anonymous> (/usr/local/lib/node_modules/npm/lib/utils/lifecycle.js:213:16)
9 verbose stack     at EventEmitter.emit (events.js:98:17)
9 verbose stack     at ChildProcess.<anonymous> (/usr/local/lib/node_modules/npm/lib/utils/spawn.js:24:14)
9 verbose stack     at ChildProcess.emit (events.js:98:17)
9 verbose stack     at maybeClose (child_process.js:756:16)
9 verbose stack     at Process.ChildProcess._handle.onexit (child_process.js:823:5)
10 verbose pkgid ignite@0.0.0
11 verbose cwd /Users/Alex/Desktop/Desktop/UBC/2015/Summer/CPSC 448/ignite/config
12 error Darwin 14.3.0
13 error argv "node" "/usr/local/bin/npm" "start"
14 error node v0.10.30
15 error npm  v2.10.0
16 error code ELIFECYCLE
17 error ignite@0.0.0 start: `node ./bin/www`
17 error Exit status 8
18 error Failed at the ignite@0.0.0 start script 'node ./bin/www'.
18 error This is most likely a problem with the ignite package,
18 error not with npm itself.
18 error Tell the author that this fails on your system:
18 error     node ./bin/www
18 error You can get their info via:
18 error     npm owner ls ignite
18 error There is likely additional logging output above.
19 verbose exit [ 1, true ]
